<?xml version="1.0" encoding="UTF-8"?>
<testng-results skipped="0" failed="0" total="1" passed="1">
  <reporter-output>
  </reporter-output>
  <suite name="Suite" duration-ms="22889" started-at="2014-03-26T07:55:30Z" finished-at="2014-03-26T07:55:53Z">
    <groups>
    </groups>
    <test name="Test" duration-ms="22889" started-at="2014-03-26T07:55:30Z" finished-at="2014-03-26T07:55:53Z">
      <class name="AntPackage.AntTest">
        <test-method status="PASS" signature="beforeTest()[pri:0, instance:AntPackage.AntTest@d1af848]" name="beforeTest" is-config="true" duration-ms="22187" started-at="2014-03-26T13:25:30Z" finished-at="2014-03-26T13:25:52Z">
          <reporter-output>
          </reporter-output>
        </test-method> <!-- beforeTest -->
        <test-method status="PASS" signature="testTitle()[pri:0, instance:AntPackage.AntTest@d1af848]" name="testTitle" duration-ms="194" started-at="2014-03-26T13:25:52Z" finished-at="2014-03-26T13:25:52Z">
          <reporter-output>
          </reporter-output>
        </test-method> <!-- testTitle -->
        <test-method status="PASS" signature="afterTest()[pri:0, instance:AntPackage.AntTest@d1af848]" name="afterTest" is-config="true" duration-ms="452" started-at="2014-03-26T13:25:52Z" finished-at="2014-03-26T13:25:53Z">
          <reporter-output>
          </reporter-output>
        </test-method> <!-- afterTest -->
      </class> <!-- AntPackage.AntTest -->
    </test> <!-- Test -->
  </suite> <!-- Suite -->
</testng-results>
